<?xml version="1.0" encoding="UTF-8" ?>
<testsuite tests="24" failures="0" name="stepdefs.RunCucumber" time="0.011" errors="0" skipped="0">
  <properties>
[...]
</properties>
  <testcase classname="| Holiday Inn Express | Kirkstall Road, Leeds LS3 1LY | John Lee | 0871 902 1616 | holiday@Innexpress.com | Holiday Inn Express |" name="Given User login into home page with &quot;admin&quot; and &quot;password&quot;" time="0.009"/>
  <testcase classname="| Holiday Inn Express | Kirkstall Road, Leeds LS3 1LY | John Lee | 0871 902 1616 | holiday@Innexpress.com | Holiday Inn Express |" name="When user enters &quot;Holiday Inn Express&quot;, &quot;Kirkstall Road, Leeds LS3 1LY&quot;, &quot;John Lee&quot;, &quot;0871 902 1616&quot; and &quot;holiday@Innexpress.com&quot;" time="0"/>
  <testcase classname="| Holiday Inn Express | Kirkstall Road, Leeds LS3 1LY | John Lee | 0871 902 1616 | holiday@Innexpress.com | Holiday Inn Express |" name="And clicks create button" time="0"/>
  <testcase classname="| Holiday Inn Express | Kirkstall Road, Leeds LS3 1LY | John Lee | 0871 902 1616 | holiday@Innexpress.com | Holiday Inn Express |" name="Then user should see &quot;Holiday Inn Express&quot; entry created on home page" time="0"/>
  <testcase classname="| Holiday Inn Express | Kirkstall Road, Leeds LS3 1LY | John Lee | 0871 902 1616 | holiday@Innexpress.com | Holiday Inn Express |" name="| Holiday Inn Express | Kirkstall Road, Leeds LS3 1LY | John Lee | 0871 902 1616 | holiday@Innexpress.com | Holiday Inn Express |" time="0"/>
  <testcase classname="Scenario: User should be able to delete entry" name="Given User login into home page with &quot;admin&quot; and &quot;password&quot;" time="0"/>
  <testcase classname="Scenario: User should be able to delete entry" name="When user deletes hotel &quot;Holiday Inn Express&quot;" time="0"/>
  <testcase classname="Scenario: User should be able to delete entry" name="Then &quot;Holiday Inn Express&quot; hotel entry should remove from home page" time="0"/>
  <testcase classname="Scenario: User should be able to delete entry" name="Scenario: User should be able to delete entry" time="0"/>
  <testcase classname="| Holiday Inn Express | Kirkstall Road, Leeds LS3 1LY | John Lee | 0256 902 1789 | holiday@Innexpress.com | Holiday Inn Express |" name="Given User login into home page with &quot;admin&quot; and &quot;password&quot;" time="0"/>
  <testcase classname="| Holiday Inn Express | Kirkstall Road, Leeds LS3 1LY | John Lee | 0256 902 1789 | holiday@Innexpress.com | Holiday Inn Express |" name="When user enters &quot;Holiday Inn Express&quot;, &quot;Kirkstall Road, Leeds LS3 1LY&quot;, &quot;John Lee&quot;, &quot;0256 902 1789&quot; and &quot;holiday@Innexpress.com&quot;" time="0"/>
  <testcase classname="| Holiday Inn Express | Kirkstall Road, Leeds LS3 1LY | John Lee | 0256 902 1789 | holiday@Innexpress.com | Holiday Inn Express |" name="And clicks create button" time="0.001"/>
  <testcase classname="| Holiday Inn Express | Kirkstall Road, Leeds LS3 1LY | John Lee | 0256 902 1789 | holiday@Innexpress.com | Holiday Inn Express |" name="Then user should see &quot;Holiday Inn Express&quot; entry created on home page" time="0"/>
  <testcase classname="| Holiday Inn Express | Kirkstall Road, Leeds LS3 1LY | John Lee | 0256 902 1789 | holiday@Innexpress.com | Holiday Inn Express |" name="| Holiday Inn Express | Kirkstall Road, Leeds LS3 1LY | John Lee | 0256 902 1789 | holiday@Innexpress.com | Holiday Inn Express |" time="0.001"/>
  <testcase classname="| Premier Inn | Hunslet Road, Leeds LS23 1ER | Peter | 0871 142 1616 | premier@Inn.com | Premier Inn |" name="Given User login into home page with &quot;admin&quot; and &quot;password&quot;" time="0"/>
  <testcase classname="| Premier Inn | Hunslet Road, Leeds LS23 1ER | Peter | 0871 142 1616 | premier@Inn.com | Premier Inn |" name="When user enters &quot;Premier Inn&quot;, &quot;Hunslet Road, Leeds LS23 1ER&quot;, &quot;Peter&quot;, &quot;0871 142 1616&quot; and &quot;premier@Inn.com&quot;" time="0"/>
  <testcase classname="| Premier Inn | Hunslet Road, Leeds LS23 1ER | Peter | 0871 142 1616 | premier@Inn.com | Premier Inn |" name="And clicks create button" time="0"/>
  <testcase classname="| Premier Inn | Hunslet Road, Leeds LS23 1ER | Peter | 0871 142 1616 | premier@Inn.com | Premier Inn |" name="Then user should see &quot;Premier Inn&quot; entry created on home page" time="0"/>
  <testcase classname="| Premier Inn | Hunslet Road, Leeds LS23 1ER | Peter | 0871 142 1616 | premier@Inn.com | Premier Inn |" name="| Premier Inn | Hunslet Road, Leeds LS23 1ER | Peter | 0871 142 1616 | premier@Inn.com | Premier Inn |" time="0"/>
  <testcase classname="| Queens Hotel | Manor Road, Leeds LS10 1SY | Philip | 0235 902 4586 | queens@Hotel.com | Queens Hotel |" name="Given User login into home page with &quot;admin&quot; and &quot;password&quot;" time="0"/>
  <testcase classname="| Queens Hotel | Manor Road, Leeds LS10 1SY | Philip | 0235 902 4586 | queens@Hotel.com | Queens Hotel |" name="When user enters &quot;Queens Hotel&quot;, &quot;Manor Road, Leeds LS10 1SY&quot;, &quot;Philip&quot;, &quot;0235 902 4586&quot; and &quot;queens@Hotel.com&quot;" time="0"/>
  <testcase classname="| Queens Hotel | Manor Road, Leeds LS10 1SY | Philip | 0235 902 4586 | queens@Hotel.com | Queens Hotel |" name="And clicks create button" time="0"/>
  <testcase classname="| Queens Hotel | Manor Road, Leeds LS10 1SY | Philip | 0235 902 4586 | queens@Hotel.com | Queens Hotel |" name="Then user should see &quot;Queens Hotel&quot; entry created on home page" time="0"/>
  <testcase classname="| Queens Hotel | Manor Road, Leeds LS10 1SY | Philip | 0235 902 4586 | queens@Hotel.com | Queens Hotel |" name="| Queens Hotel | Manor Road, Leeds LS10 1SY | Philip | 0235 902 4586 | queens@Hotel.com | Queens Hotel |" time="0"/>
</testsuite>